0 info it worked if it ends with ok
1 verbose cli [ '/usr/bin/nodejs', '/usr/bin/npm', 'run', 'dev' ]
2 info using npm@3.5.2
3 info using node@v4.2.6
4 verbose run-script [ 'predev', 'dev', 'postdev' ]
5 info lifecycle jekyll-text-theme@1.4.0~predev: jekyll-text-theme@1.4.0
6 silly lifecycle jekyll-text-theme@1.4.0~predev: no script for predev, continuing
7 info lifecycle jekyll-text-theme@1.4.0~dev: jekyll-text-theme@1.4.0
8 verbose lifecycle jekyll-text-theme@1.4.0~dev: unsafe-perm in lifecycle true
9 verbose lifecycle jekyll-text-theme@1.4.0~dev: PATH: /usr/share/npm/bin/node-gyp-bin:/home/si/jekyll-TeXt-theme/node_modules/.bin:/home/si/bin:/home/si/.local/bin:/usr/local/sbin:/usr/local/bin:/usr/sbin:/usr/bin:/sbin:/bin:/usr/games:/usr/local/games:/snap/bin
10 verbose lifecycle jekyll-text-theme@1.4.0~dev: CWD: /home/si/jekyll-TeXt-theme
11 silly lifecycle jekyll-text-theme@1.4.0~dev: Args: [ '-c',
11 silly lifecycle   'bundle exec jekyll serve -H 0.0.0.0 -t --config ./_config.dev.yml' ]
12 silly lifecycle jekyll-text-theme@1.4.0~dev: Returned: code: 7  signal: null
13 info lifecycle jekyll-text-theme@1.4.0~dev: Failed to exec dev script
14 verbose stack Error: jekyll-text-theme@1.4.0 dev: `bundle exec jekyll serve -H 0.0.0.0 -t --config ./_config.dev.yml`
14 verbose stack Exit status 7
14 verbose stack     at EventEmitter.<anonymous> (/usr/share/npm/lib/utils/lifecycle.js:232:16)
14 verbose stack     at emitTwo (events.js:87:13)
14 verbose stack     at EventEmitter.emit (events.js:172:7)
14 verbose stack     at ChildProcess.<anonymous> (/usr/share/npm/lib/utils/spawn.js:24:14)
14 verbose stack     at emitTwo (events.js:87:13)
14 verbose stack     at ChildProcess.emit (events.js:172:7)
14 verbose stack     at maybeClose (internal/child_process.js:821:16)
14 verbose stack     at Process.ChildProcess._handle.onexit (internal/child_process.js:211:5)
15 verbose pkgid jekyll-text-theme@1.4.0
16 verbose cwd /home/si/jekyll-TeXt-theme
17 error Linux 4.10.0-40-generic
18 error argv "/usr/bin/nodejs" "/usr/bin/npm" "run" "dev"
19 error node v4.2.6
20 error npm  v3.5.2
21 error code ELIFECYCLE
22 error jekyll-text-theme@1.4.0 dev: `bundle exec jekyll serve -H 0.0.0.0 -t --config ./_config.dev.yml`
22 error Exit status 7
23 error Failed at the jekyll-text-theme@1.4.0 dev script 'bundle exec jekyll serve -H 0.0.0.0 -t --config ./_config.dev.yml'.
23 error Make sure you have the latest version of node.js and npm installed.
23 error If you do, this is most likely a problem with the jekyll-text-theme package,
23 error not with npm itself.
23 error Tell the author that this fails on your system:
23 error     bundle exec jekyll serve -H 0.0.0.0 -t --config ./_config.dev.yml
23 error You can get information on how to open an issue for this project with:
23 error     npm bugs jekyll-text-theme
23 error Or if that isn't available, you can get their info via:
23 error     npm owner ls jekyll-text-theme
23 error There is likely additional logging output above.
24 verbose exit [ 1, true ]
